<?xml version="1.0" encoding="UTF-8"?>
<testng-results ignored="0" total="0" passed="0" failed="0" skipped="0">
  <reporter-output>
  </reporter-output>
  <suite started-at="2021-11-26T20:32:46 IST" name="tests.employeeManagement.Test" finished-at="2021-11-26T20:32:46 IST" duration-ms="12">
    <groups>
    </groups>
    <test started-at="2021-11-26T20:32:46 IST" name="Command line test" finished-at="2021-11-26T20:32:46 IST" duration-ms="12">
    </test> <!-- Command line test -->
  </suite> <!-- tests.employeeManagement.Test -->
</testng-results>
